Build started 07/06/2018 16:35:31.
     1>Project "C:\Users\KiSystem\Desktop\Net\Net Package\Net Package.vcxproj" on node 2 (Build target(s)).
     1>Inf2Cat:
         C:\Program Files (x86)\Windows Kits\8.1\bin\x86\inf2cat.exe /os:7_x86 /driver:"C:\Users\KiSystem\Desktop\Net\Win7Debug\Net Package\\" 
         ........................
         Signability test failed.
         
         Errors:
         22.9.4: Bad file name for catalogfile from [Version] section in \net.inf
         
         Warnings:
         None
     1>Win7Debug\inf2catOutput.log : Inf2Cat error -2: "Inf2Cat, signability test failed." Double click to see the tool output.
     1>Done Building Project "C:\Users\KiSystem\Desktop\Net\Net Package\Net Package.vcxproj" (Build target(s)) -- FAILED.

Build FAILED.

Time Elapsed 00:00:00.67
